INFO:     Started server process [9511]
INFO:     Waiting for application startup.
INFO:     Application startup complete.
INFO:     Uvicorn running on http://127.0.0.1:8000 (Press CTRL+C to quit)
INFO:     127.0.0.1:50972 - "GET /api/health HTTP/1.1" 200 OK
INFO:     127.0.0.1:50983 - "OPTIONS /api/events HTTP/1.1" 200 OK
INFO:     127.0.0.1:50984 - "OPTIONS /api/events HTTP/1.1" 200 OK
INFO:     127.0.0.1:50982 - "GET /api/whitepapers HTTP/1.1" 200 OK
INFO:     127.0.0.1:50984 - "POST /api/events HTTP/1.1" 200 OK
INFO:     127.0.0.1:50983 - "POST /api/events HTTP/1.1" 200 OK
INFO:     127.0.0.1:50985 - "OPTIONS /api/admin/analytics HTTP/1.1" 200 OK
INFO:     127.0.0.1:50986 - "POST /api/events HTTP/1.1" 200 OK
INFO:     127.0.0.1:50985 - "GET /api/admin/analytics HTTP/1.1" 200 OK
INFO:     127.0.0.1:50985 - "OPTIONS /api/admin/prospect-leads HTTP/1.1" 200 OK
INFO:     127.0.0.1:50986 - "OPTIONS /api/admin/lead-agent/source-plan HTTP/1.1" 200 OK
INFO:     127.0.0.1:50987 - "OPTIONS /api/admin/sales-navigator/playbook HTTP/1.1" 200 OK
INFO:     127.0.0.1:50986 - "GET /api/admin/lead-agent/source-plan HTTP/1.1" 200 OK
INFO:     127.0.0.1:50987 - "GET /api/admin/sales-navigator/playbook HTTP/1.1" 200 OK
INFO:     127.0.0.1:50985 - "GET /api/admin/prospect-leads HTTP/1.1" 200 OK
INFO:     127.0.0.1:50988 - "OPTIONS /api/admin/lead-agent/run HTTP/1.1" 200 OK
INFO:     127.0.0.1:50988 - "POST /api/admin/lead-agent/run HTTP/1.1" 200 OK
INFO:     127.0.0.1:50988 - "GET /api/admin/prospect-leads HTTP/1.1" 200 OK
INFO:     127.0.0.1:50995 - "POST /api/admin/lead-agent/run HTTP/1.1" 200 OK
INFO:     127.0.0.1:50995 - "GET /api/admin/prospect-leads HTTP/1.1" 200 OK
INFO:     127.0.0.1:51004 - "GET /api/whitepapers HTTP/1.1" 200 OK
INFO:     127.0.0.1:51006 - "POST /api/events HTTP/1.1" 200 OK
INFO:     127.0.0.1:51005 - "POST /api/events HTTP/1.1" 200 OK
INFO:     127.0.0.1:51017 - "GET /api/whitepapers HTTP/1.1" 500 Internal Server Error
ERROR:    Exception in ASGI application
Traceback (most recent call last):
  File "/Users/satyassrinivasan/Desktop/TFT-Web/backend/.venv/lib/python3.13/site-packages/uvicorn/protocols/http/httptools_impl.py", line 409, in run_asgi
  File "/Users/satyassrinivasan/Desktop/TFT-Web/backend/.venv/lib/python3.13/site-packages/uvicorn/middleware/proxy_headers.py", line 60, in __call__
  File "/Users/satyassrinivasan/Desktop/TFT-Web/backend/.venv/lib/python3.13/site-packages/fastapi/applications.py", line 1054, in __call__
  File "/Users/satyassrinivasan/Desktop/TFT-Web/backend/.venv/lib/python3.13/site-packages/starlette/applications.py", line 113, in __call__
  File "/Users/satyassrinivasan/Desktop/TFT-Web/backend/.venv/lib/python3.13/site-packages/starlette/middleware/errors.py", line 187, in __call__
  File "/Users/satyassrinivasan/Desktop/TFT-Web/backend/.venv/lib/python3.13/site-packages/starlette/middleware/errors.py", line 165, in __call__
  File "/Users/satyassrinivasan/Desktop/TFT-Web/backend/.venv/lib/python3.13/site-packages/starlette/middleware/cors.py", line 93, in __call__
  File "/Users/satyassrinivasan/Desktop/TFT-Web/backend/.venv/lib/python3.13/site-packages/starlette/middleware/cors.py", line 144, in simple_response
  File "/Users/satyassrinivasan/Desktop/TFT-Web/backend/.venv/lib/python3.13/site-packages/starlette/middleware/exceptions.py", line 62, in __call__
  File "/Users/satyassrinivasan/Desktop/TFT-Web/backend/.venv/lib/python3.13/site-packages/starlette/_exception_handler.py", line 53, in wrapped_app
  File "/Users/satyassrinivasan/Desktop/TFT-Web/backend/.venv/lib/python3.13/site-packages/starlette/_exception_handler.py", line 42, in wrapped_app
  File "/Users/satyassrinivasan/Desktop/TFT-Web/backend/.venv/lib/python3.13/site-packages/starlette/routing.py", line 715, in __call__
  File "/Users/satyassrinivasan/Desktop/TFT-Web/backend/.venv/lib/python3.13/site-packages/starlette/routing.py", line 735, in app
  File "/Users/satyassrinivasan/Desktop/TFT-Web/backend/.venv/lib/python3.13/site-packages/starlette/routing.py", line 288, in handle
  File "/Users/satyassrinivasan/Desktop/TFT-Web/backend/.venv/lib/python3.13/site-packages/starlette/routing.py", line 76, in app
  File "/Users/satyassrinivasan/Desktop/TFT-Web/backend/.venv/lib/python3.13/site-packages/starlette/_exception_handler.py", line 53, in wrapped_app
  File "/Users/satyassrinivasan/Desktop/TFT-Web/backend/.venv/lib/python3.13/site-packages/starlette/_exception_handler.py", line 42, in wrapped_app
  File "/Users/satyassrinivasan/Desktop/TFT-Web/backend/.venv/lib/python3.13/site-packages/starlette/routing.py", line 73, in app
  File "/Users/satyassrinivasan/Desktop/TFT-Web/backend/.venv/lib/python3.13/site-packages/fastapi/routing.py", line 301, in app
  File "/Users/satyassrinivasan/Desktop/TFT-Web/backend/.venv/lib/python3.13/site-packages/fastapi/routing.py", line 214, in run_endpoint_function
  File "/Users/satyassrinivasan/Desktop/TFT-Web/backend/.venv/lib/python3.13/site-packages/starlette/concurrency.py", line 39, in run_in_threadpool
  File "/Users/satyassrinivasan/Desktop/TFT-Web/backend/.venv/lib/python3.13/site-packages/anyio/to_thread.py", line 63, in run_sync
  File "/Users/satyassrinivasan/Desktop/TFT-Web/backend/.venv/lib/python3.13/site-packages/anyio/_backends/_asyncio.py", line 2592, in run_sync_in_worker_thread
  File "/Users/satyassrinivasan/Desktop/TFT-Web/backend/.venv/lib/python3.13/site-packages/anyio/_backends/_asyncio.py", line 1029, in run
  File "/Users/satyassrinivasan/Desktop/TFT-Web/backend/main.py", line 258, in list_public_whitepapers
    conn = get_conn(); rows = conn.execute("SELECT * FROM whitepapers WHERE status = 'Published' ORDER BY created_at DESC").fetchall(); conn.close()
                              ~~~~~~~~~~~~^^^^^^^^^^^^^^^^^^^^^^^^^^^^^^^^^^^^^^^^^^^^^^^^^^^^^^^^^^^^^^^^^^^^^^^^^^^^^^^^^
sqlite3.OperationalError: no such table: whitepapers
INFO:     127.0.0.1:51018 - "POST /api/events HTTP/1.1" 500 Internal Server Error
ERROR:    Exception in ASGI application
Traceback (most recent call last):
  File "/Users/satyassrinivasan/Desktop/TFT-Web/backend/.venv/lib/python3.13/site-packages/uvicorn/protocols/http/httptools_impl.py", line 409, in run_asgi
  File "/Users/satyassrinivasan/Desktop/TFT-Web/backend/.venv/lib/python3.13/site-packages/uvicorn/middleware/proxy_headers.py", line 60, in __call__
  File "/Users/satyassrinivasan/Desktop/TFT-Web/backend/.venv/lib/python3.13/site-packages/fastapi/applications.py", line 1054, in __call__
  File "/Users/satyassrinivasan/Desktop/TFT-Web/backend/.venv/lib/python3.13/site-packages/starlette/applications.py", line 113, in __call__
  File "/Users/satyassrinivasan/Desktop/TFT-Web/backend/.venv/lib/python3.13/site-packages/starlette/middleware/errors.py", line 187, in __call__
  File "/Users/satyassrinivasan/Desktop/TFT-Web/backend/.venv/lib/python3.13/site-packages/starlette/middleware/errors.py", line 165, in __call__
  File "/Users/satyassrinivasan/Desktop/TFT-Web/backend/.venv/lib/python3.13/site-packages/starlette/middleware/cors.py", line 93, in __call__
  File "/Users/satyassrinivasan/Desktop/TFT-Web/backend/.venv/lib/python3.13/site-packages/starlette/middleware/cors.py", line 144, in simple_response
  File "/Users/satyassrinivasan/Desktop/TFT-Web/backend/.venv/lib/python3.13/site-packages/starlette/middleware/exceptions.py", line 62, in __call__
  File "/Users/satyassrinivasan/Desktop/TFT-Web/backend/.venv/lib/python3.13/site-packages/starlette/_exception_handler.py", line 53, in wrapped_app
  File "/Users/satyassrinivasan/Desktop/TFT-Web/backend/.venv/lib/python3.13/site-packages/starlette/_exception_handler.py", line 42, in wrapped_app
  File "/Users/satyassrinivasan/Desktop/TFT-Web/backend/.venv/lib/python3.13/site-packages/starlette/routing.py", line 715, in __call__
  File "/Users/satyassrinivasan/Desktop/TFT-Web/backend/.venv/lib/python3.13/site-packages/starlette/routing.py", line 735, in app
  File "/Users/satyassrinivasan/Desktop/TFT-Web/backend/.venv/lib/python3.13/site-packages/starlette/routing.py", line 288, in handle
  File "/Users/satyassrinivasan/Desktop/TFT-Web/backend/.venv/lib/python3.13/site-packages/starlette/routing.py", line 76, in app
  File "/Users/satyassrinivasan/Desktop/TFT-Web/backend/.venv/lib/python3.13/site-packages/starlette/_exception_handler.py", line 53, in wrapped_app
  File "/Users/satyassrinivasan/Desktop/TFT-Web/backend/.venv/lib/python3.13/site-packages/starlette/_exception_handler.py", line 42, in wrapped_app
  File "/Users/satyassrinivasan/Desktop/TFT-Web/backend/.venv/lib/python3.13/site-packages/starlette/routing.py", line 73, in app
  File "/Users/satyassrinivasan/Desktop/TFT-Web/backend/.venv/lib/python3.13/site-packages/fastapi/routing.py", line 301, in app
  File "/Users/satyassrinivasan/Desktop/TFT-Web/backend/.venv/lib/python3.13/site-packages/fastapi/routing.py", line 214, in run_endpoint_function
  File "/Users/satyassrinivasan/Desktop/TFT-Web/backend/.venv/lib/python3.13/site-packages/starlette/concurrency.py", line 39, in run_in_threadpool
  File "/Users/satyassrinivasan/Desktop/TFT-Web/backend/.venv/lib/python3.13/site-packages/anyio/to_thread.py", line 63, in run_sync
  File "/Users/satyassrinivasan/Desktop/TFT-Web/backend/.venv/lib/python3.13/site-packages/anyio/_backends/_asyncio.py", line 2592, in run_sync_in_worker_thread
  File "/Users/satyassrinivasan/Desktop/TFT-Web/backend/.venv/lib/python3.13/site-packages/anyio/_backends/_asyncio.py", line 1029, in run
  File "/Users/satyassrinivasan/Desktop/TFT-Web/backend/main.py", line 443, in create_event
    conn=get_conn(); conn.execute("INSERT INTO events (id,event_type,payload,created_at) VALUES (?,?,?,?)", (str(uuid.uuid4()),payload.event_type,json.dumps(payload.payload),now_iso())); conn.commit(); conn.close(); return {"message":"event recorded"}
                     ~~~~~~~~~~~~^^^^^^^^^^^^^^^^^^^^^^^^^^^^^^^^^^^^^^^^^^^^^^^^^^^^^^^^^^^^^^^^^^^^^^^^^^^^^^^^^^^^^^^^^^^^^^^^^^^^^^^^^^^^^^^^^^^^^^^^^^^^^^^^^^^^^^^^^^^^^^^^^^^^^^^^
sqlite3.OperationalError: no such table: events
INFO:     127.0.0.1:51019 - "POST /api/events HTTP/1.1" 500 Internal Server Error
ERROR:    Exception in ASGI application
Traceback (most recent call last):
  File "/Users/satyassrinivasan/Desktop/TFT-Web/backend/.venv/lib/python3.13/site-packages/uvicorn/protocols/http/httptools_impl.py", line 409, in run_asgi
  File "/Users/satyassrinivasan/Desktop/TFT-Web/backend/.venv/lib/python3.13/site-packages/uvicorn/middleware/proxy_headers.py", line 60, in __call__
  File "/Users/satyassrinivasan/Desktop/TFT-Web/backend/.venv/lib/python3.13/site-packages/fastapi/applications.py", line 1054, in __call__
  File "/Users/satyassrinivasan/Desktop/TFT-Web/backend/.venv/lib/python3.13/site-packages/starlette/applications.py", line 113, in __call__
  File "/Users/satyassrinivasan/Desktop/TFT-Web/backend/.venv/lib/python3.13/site-packages/starlette/middleware/errors.py", line 187, in __call__
  File "/Users/satyassrinivasan/Desktop/TFT-Web/backend/.venv/lib/python3.13/site-packages/starlette/middleware/errors.py", line 165, in __call__
  File "/Users/satyassrinivasan/Desktop/TFT-Web/backend/.venv/lib/python3.13/site-packages/starlette/middleware/cors.py", line 93, in __call__
  File "/Users/satyassrinivasan/Desktop/TFT-Web/backend/.venv/lib/python3.13/site-packages/starlette/middleware/cors.py", line 144, in simple_response
  File "/Users/satyassrinivasan/Desktop/TFT-Web/backend/.venv/lib/python3.13/site-packages/starlette/middleware/exceptions.py", line 62, in __call__
  File "/Users/satyassrinivasan/Desktop/TFT-Web/backend/.venv/lib/python3.13/site-packages/starlette/_exception_handler.py", line 53, in wrapped_app
  File "/Users/satyassrinivasan/Desktop/TFT-Web/backend/.venv/lib/python3.13/site-packages/starlette/_exception_handler.py", line 42, in wrapped_app
  File "/Users/satyassrinivasan/Desktop/TFT-Web/backend/.venv/lib/python3.13/site-packages/starlette/routing.py", line 715, in __call__
  File "/Users/satyassrinivasan/Desktop/TFT-Web/backend/.venv/lib/python3.13/site-packages/starlette/routing.py", line 735, in app
  File "/Users/satyassrinivasan/Desktop/TFT-Web/backend/.venv/lib/python3.13/site-packages/starlette/routing.py", line 288, in handle
  File "/Users/satyassrinivasan/Desktop/TFT-Web/backend/.venv/lib/python3.13/site-packages/starlette/routing.py", line 76, in app
  File "/Users/satyassrinivasan/Desktop/TFT-Web/backend/.venv/lib/python3.13/site-packages/starlette/_exception_handler.py", line 53, in wrapped_app
  File "/Users/satyassrinivasan/Desktop/TFT-Web/backend/.venv/lib/python3.13/site-packages/starlette/_exception_handler.py", line 42, in wrapped_app
  File "/Users/satyassrinivasan/Desktop/TFT-Web/backend/.venv/lib/python3.13/site-packages/starlette/routing.py", line 73, in app
  File "/Users/satyassrinivasan/Desktop/TFT-Web/backend/.venv/lib/python3.13/site-packages/fastapi/routing.py", line 301, in app
  File "/Users/satyassrinivasan/Desktop/TFT-Web/backend/.venv/lib/python3.13/site-packages/fastapi/routing.py", line 214, in run_endpoint_function
  File "/Users/satyassrinivasan/Desktop/TFT-Web/backend/.venv/lib/python3.13/site-packages/starlette/concurrency.py", line 39, in run_in_threadpool
  File "/Users/satyassrinivasan/Desktop/TFT-Web/backend/.venv/lib/python3.13/site-packages/anyio/to_thread.py", line 63, in run_sync
  File "/Users/satyassrinivasan/Desktop/TFT-Web/backend/.venv/lib/python3.13/site-packages/anyio/_backends/_asyncio.py", line 2592, in run_sync_in_worker_thread
  File "/Users/satyassrinivasan/Desktop/TFT-Web/backend/.venv/lib/python3.13/site-packages/anyio/_backends/_asyncio.py", line 1029, in run
  File "/Users/satyassrinivasan/Desktop/TFT-Web/backend/main.py", line 443, in create_event
    conn=get_conn(); conn.execute("INSERT INTO events (id,event_type,payload,created_at) VALUES (?,?,?,?)", (str(uuid.uuid4()),payload.event_type,json.dumps(payload.payload),now_iso())); conn.commit(); conn.close(); return {"message":"event recorded"}
                     ~~~~~~~~~~~~^^^^^^^^^^^^^^^^^^^^^^^^^^^^^^^^^^^^^^^^^^^^^^^^^^^^^^^^^^^^^^^^^^^^^^^^^^^^^^^^^^^^^^^^^^^^^^^^^^^^^^^^^^^^^^^^^^^^^^^^^^^^^^^^^^^^^^^^^^^^^^^^^^^^^^^^
sqlite3.OperationalError: no such table: events
INFO:     127.0.0.1:51020 - "GET /api/whitepapers HTTP/1.1" 500 Internal Server Error
ERROR:    Exception in ASGI application
Traceback (most recent call last):
  File "/Users/satyassrinivasan/Desktop/TFT-Web/backend/.venv/lib/python3.13/site-packages/uvicorn/protocols/http/httptools_impl.py", line 409, in run_asgi
  File "/Users/satyassrinivasan/Desktop/TFT-Web/backend/.venv/lib/python3.13/site-packages/uvicorn/middleware/proxy_headers.py", line 60, in __call__
  File "/Users/satyassrinivasan/Desktop/TFT-Web/backend/.venv/lib/python3.13/site-packages/fastapi/applications.py", line 1054, in __call__
  File "/Users/satyassrinivasan/Desktop/TFT-Web/backend/.venv/lib/python3.13/site-packages/starlette/applications.py", line 113, in __call__
  File "/Users/satyassrinivasan/Desktop/TFT-Web/backend/.venv/lib/python3.13/site-packages/starlette/middleware/errors.py", line 187, in __call__
  File "/Users/satyassrinivasan/Desktop/TFT-Web/backend/.venv/lib/python3.13/site-packages/starlette/middleware/errors.py", line 165, in __call__
  File "/Users/satyassrinivasan/Desktop/TFT-Web/backend/.venv/lib/python3.13/site-packages/starlette/middleware/cors.py", line 93, in __call__
  File "/Users/satyassrinivasan/Desktop/TFT-Web/backend/.venv/lib/python3.13/site-packages/starlette/middleware/cors.py", line 144, in simple_response
  File "/Users/satyassrinivasan/Desktop/TFT-Web/backend/.venv/lib/python3.13/site-packages/starlette/middleware/exceptions.py", line 62, in __call__
  File "/Users/satyassrinivasan/Desktop/TFT-Web/backend/.venv/lib/python3.13/site-packages/starlette/_exception_handler.py", line 53, in wrapped_app
  File "/Users/satyassrinivasan/Desktop/TFT-Web/backend/.venv/lib/python3.13/site-packages/starlette/_exception_handler.py", line 42, in wrapped_app
  File "/Users/satyassrinivasan/Desktop/TFT-Web/backend/.venv/lib/python3.13/site-packages/starlette/routing.py", line 715, in __call__
  File "/Users/satyassrinivasan/Desktop/TFT-Web/backend/.venv/lib/python3.13/site-packages/starlette/routing.py", line 735, in app
  File "/Users/satyassrinivasan/Desktop/TFT-Web/backend/.venv/lib/python3.13/site-packages/starlette/routing.py", line 288, in handle
  File "/Users/satyassrinivasan/Desktop/TFT-Web/backend/.venv/lib/python3.13/site-packages/starlette/routing.py", line 76, in app
  File "/Users/satyassrinivasan/Desktop/TFT-Web/backend/.venv/lib/python3.13/site-packages/starlette/_exception_handler.py", line 53, in wrapped_app
  File "/Users/satyassrinivasan/Desktop/TFT-Web/backend/.venv/lib/python3.13/site-packages/starlette/_exception_handler.py", line 42, in wrapped_app
  File "/Users/satyassrinivasan/Desktop/TFT-Web/backend/.venv/lib/python3.13/site-packages/starlette/routing.py", line 73, in app
  File "/Users/satyassrinivasan/Desktop/TFT-Web/backend/.venv/lib/python3.13/site-packages/fastapi/routing.py", line 301, in app
  File "/Users/satyassrinivasan/Desktop/TFT-Web/backend/.venv/lib/python3.13/site-packages/fastapi/routing.py", line 214, in run_endpoint_function
  File "/Users/satyassrinivasan/Desktop/TFT-Web/backend/.venv/lib/python3.13/site-packages/starlette/concurrency.py", line 39, in run_in_threadpool
  File "/Users/satyassrinivasan/Desktop/TFT-Web/backend/.venv/lib/python3.13/site-packages/anyio/to_thread.py", line 63, in run_sync
  File "/Users/satyassrinivasan/Desktop/TFT-Web/backend/.venv/lib/python3.13/site-packages/anyio/_backends/_asyncio.py", line 2592, in run_sync_in_worker_thread
  File "/Users/satyassrinivasan/Desktop/TFT-Web/backend/.venv/lib/python3.13/site-packages/anyio/_backends/_asyncio.py", line 1029, in run
  File "/Users/satyassrinivasan/Desktop/TFT-Web/backend/main.py", line 258, in list_public_whitepapers
    conn = get_conn(); rows = conn.execute("SELECT * FROM whitepapers WHERE status = 'Published' ORDER BY created_at DESC").fetchall(); conn.close()
                              ~~~~~~~~~~~~^^^^^^^^^^^^^^^^^^^^^^^^^^^^^^^^^^^^^^^^^^^^^^^^^^^^^^^^^^^^^^^^^^^^^^^^^^^^^^^^^
sqlite3.OperationalError: no such table: whitepapers
INFO:     127.0.0.1:51022 - "POST /api/events HTTP/1.1" 500 Internal Server Error
ERROR:    Exception in ASGI application
Traceback (most recent call last):
  File "/Users/satyassrinivasan/Desktop/TFT-Web/backend/.venv/lib/python3.13/site-packages/uvicorn/protocols/http/httptools_impl.py", line 409, in run_asgi
  File "/Users/satyassrinivasan/Desktop/TFT-Web/backend/.venv/lib/python3.13/site-packages/uvicorn/middleware/proxy_headers.py", line 60, in __call__
  File "/Users/satyassrinivasan/Desktop/TFT-Web/backend/.venv/lib/python3.13/site-packages/fastapi/applications.py", line 1054, in __call__
  File "/Users/satyassrinivasan/Desktop/TFT-Web/backend/.venv/lib/python3.13/site-packages/starlette/applications.py", line 113, in __call__
  File "/Users/satyassrinivasan/Desktop/TFT-Web/backend/.venv/lib/python3.13/site-packages/starlette/middleware/errors.py", line 187, in __call__
  File "/Users/satyassrinivasan/Desktop/TFT-Web/backend/.venv/lib/python3.13/site-packages/starlette/middleware/errors.py", line 165, in __call__
  File "/Users/satyassrinivasan/Desktop/TFT-Web/backend/.venv/lib/python3.13/site-packages/starlette/middleware/cors.py", line 93, in __call__
  File "/Users/satyassrinivasan/Desktop/TFT-Web/backend/.venv/lib/python3.13/site-packages/starlette/middleware/cors.py", line 144, in simple_response
  File "/Users/satyassrinivasan/Desktop/TFT-Web/backend/.venv/lib/python3.13/site-packages/starlette/middleware/exceptions.py", line 62, in __call__
  File "/Users/satyassrinivasan/Desktop/TFT-Web/backend/.venv/lib/python3.13/site-packages/starlette/_exception_handler.py", line 53, in wrapped_app
  File "/Users/satyassrinivasan/Desktop/TFT-Web/backend/.venv/lib/python3.13/site-packages/starlette/_exception_handler.py", line 42, in wrapped_app
  File "/Users/satyassrinivasan/Desktop/TFT-Web/backend/.venv/lib/python3.13/site-packages/starlette/routing.py", line 715, in __call__
  File "/Users/satyassrinivasan/Desktop/TFT-Web/backend/.venv/lib/python3.13/site-packages/starlette/routing.py", line 735, in app
  File "/Users/satyassrinivasan/Desktop/TFT-Web/backend/.venv/lib/python3.13/site-packages/starlette/routing.py", line 288, in handle
  File "/Users/satyassrinivasan/Desktop/TFT-Web/backend/.venv/lib/python3.13/site-packages/starlette/routing.py", line 76, in app
  File "/Users/satyassrinivasan/Desktop/TFT-Web/backend/.venv/lib/python3.13/site-packages/starlette/_exception_handler.py", line 53, in wrapped_app
  File "/Users/satyassrinivasan/Desktop/TFT-Web/backend/.venv/lib/python3.13/site-packages/starlette/_exception_handler.py", line 42, in wrapped_app
  File "/Users/satyassrinivasan/Desktop/TFT-Web/backend/.venv/lib/python3.13/site-packages/starlette/routing.py", line 73, in app
  File "/Users/satyassrinivasan/Desktop/TFT-Web/backend/.venv/lib/python3.13/site-packages/fastapi/routing.py", line 301, in app
  File "/Users/satyassrinivasan/Desktop/TFT-Web/backend/.venv/lib/python3.13/site-packages/fastapi/routing.py", line 214, in run_endpoint_function
  File "/Users/satyassrinivasan/Desktop/TFT-Web/backend/.venv/lib/python3.13/site-packages/starlette/concurrency.py", line 39, in run_in_threadpool
  File "/Users/satyassrinivasan/Desktop/TFT-Web/backend/.venv/lib/python3.13/site-packages/anyio/to_thread.py", line 63, in run_sync
  File "/Users/satyassrinivasan/Desktop/TFT-Web/backend/.venv/lib/python3.13/site-packages/anyio/_backends/_asyncio.py", line 2592, in run_sync_in_worker_thread
  File "/Users/satyassrinivasan/Desktop/TFT-Web/backend/.venv/lib/python3.13/site-packages/anyio/_backends/_asyncio.py", line 1029, in run
  File "/Users/satyassrinivasan/Desktop/TFT-Web/backend/main.py", line 443, in create_event
    conn=get_conn(); conn.execute("INSERT INTO events (id,event_type,payload,created_at) VALUES (?,?,?,?)", (str(uuid.uuid4()),payload.event_type,json.dumps(payload.payload),now_iso())); conn.commit(); conn.close(); return {"message":"event recorded"}
                     ~~~~~~~~~~~~^^^^^^^^^^^^^^^^^^^^^^^^^^^^^^^^^^^^^^^^^^^^^^^^^^^^^^^^^^^^^^^^^^^^^^^^^^^^^^^^^^^^^^^^^^^^^^^^^^^^^^^^^^^^^^^^^^^^^^^^^^^^^^^^^^^^^^^^^^^^^^^^^^^^^^^^
sqlite3.OperationalError: no such table: events
INFO:     127.0.0.1:51021 - "POST /api/events HTTP/1.1" 500 Internal Server Error
ERROR:    Exception in ASGI application
Traceback (most recent call last):
  File "/Users/satyassrinivasan/Desktop/TFT-Web/backend/.venv/lib/python3.13/site-packages/uvicorn/protocols/http/httptools_impl.py", line 409, in run_asgi
  File "/Users/satyassrinivasan/Desktop/TFT-Web/backend/.venv/lib/python3.13/site-packages/uvicorn/middleware/proxy_headers.py", line 60, in __call__
  File "/Users/satyassrinivasan/Desktop/TFT-Web/backend/.venv/lib/python3.13/site-packages/fastapi/applications.py", line 1054, in __call__
  File "/Users/satyassrinivasan/Desktop/TFT-Web/backend/.venv/lib/python3.13/site-packages/starlette/applications.py", line 113, in __call__
  File "/Users/satyassrinivasan/Desktop/TFT-Web/backend/.venv/lib/python3.13/site-packages/starlette/middleware/errors.py", line 187, in __call__
  File "/Users/satyassrinivasan/Desktop/TFT-Web/backend/.venv/lib/python3.13/site-packages/starlette/middleware/errors.py", line 165, in __call__
  File "/Users/satyassrinivasan/Desktop/TFT-Web/backend/.venv/lib/python3.13/site-packages/starlette/middleware/cors.py", line 93, in __call__
  File "/Users/satyassrinivasan/Desktop/TFT-Web/backend/.venv/lib/python3.13/site-packages/starlette/middleware/cors.py", line 144, in simple_response
  File "/Users/satyassrinivasan/Desktop/TFT-Web/backend/.venv/lib/python3.13/site-packages/starlette/middleware/exceptions.py", line 62, in __call__
  File "/Users/satyassrinivasan/Desktop/TFT-Web/backend/.venv/lib/python3.13/site-packages/starlette/_exception_handler.py", line 53, in wrapped_app
  File "/Users/satyassrinivasan/Desktop/TFT-Web/backend/.venv/lib/python3.13/site-packages/starlette/_exception_handler.py", line 42, in wrapped_app
  File "/Users/satyassrinivasan/Desktop/TFT-Web/backend/.venv/lib/python3.13/site-packages/starlette/routing.py", line 715, in __call__
  File "/Users/satyassrinivasan/Desktop/TFT-Web/backend/.venv/lib/python3.13/site-packages/starlette/routing.py", line 735, in app
  File "/Users/satyassrinivasan/Desktop/TFT-Web/backend/.venv/lib/python3.13/site-packages/starlette/routing.py", line 288, in handle
  File "/Users/satyassrinivasan/Desktop/TFT-Web/backend/.venv/lib/python3.13/site-packages/starlette/routing.py", line 76, in app
  File "/Users/satyassrinivasan/Desktop/TFT-Web/backend/.venv/lib/python3.13/site-packages/starlette/_exception_handler.py", line 53, in wrapped_app
  File "/Users/satyassrinivasan/Desktop/TFT-Web/backend/.venv/lib/python3.13/site-packages/starlette/_exception_handler.py", line 42, in wrapped_app
  File "/Users/satyassrinivasan/Desktop/TFT-Web/backend/.venv/lib/python3.13/site-packages/starlette/routing.py", line 73, in app
  File "/Users/satyassrinivasan/Desktop/TFT-Web/backend/.venv/lib/python3.13/site-packages/fastapi/routing.py", line 301, in app
  File "/Users/satyassrinivasan/Desktop/TFT-Web/backend/.venv/lib/python3.13/site-packages/fastapi/routing.py", line 214, in run_endpoint_function
  File "/Users/satyassrinivasan/Desktop/TFT-Web/backend/.venv/lib/python3.13/site-packages/starlette/concurrency.py", line 39, in run_in_threadpool
  File "/Users/satyassrinivasan/Desktop/TFT-Web/backend/.venv/lib/python3.13/site-packages/anyio/to_thread.py", line 63, in run_sync
  File "/Users/satyassrinivasan/Desktop/TFT-Web/backend/.venv/lib/python3.13/site-packages/anyio/_backends/_asyncio.py", line 2592, in run_sync_in_worker_thread
  File "/Users/satyassrinivasan/Desktop/TFT-Web/backend/.venv/lib/python3.13/site-packages/anyio/_backends/_asyncio.py", line 1029, in run
  File "/Users/satyassrinivasan/Desktop/TFT-Web/backend/main.py", line 443, in create_event
    conn=get_conn(); conn.execute("INSERT INTO events (id,event_type,payload,created_at) VALUES (?,?,?,?)", (str(uuid.uuid4()),payload.event_type,json.dumps(payload.payload),now_iso())); conn.commit(); conn.close(); return {"message":"event recorded"}
                     ~~~~~~~~~~~~^^^^^^^^^^^^^^^^^^^^^^^^^^^^^^^^^^^^^^^^^^^^^^^^^^^^^^^^^^^^^^^^^^^^^^^^^^^^^^^^^^^^^^^^^^^^^^^^^^^^^^^^^^^^^^^^^^^^^^^^^^^^^^^^^^^^^^^^^^^^^^^^^^^^^^^^
sqlite3.OperationalError: no such table: events
INFO:     127.0.0.1:51024 - "GET /api/whitepapers HTTP/1.1" 500 Internal Server Error
ERROR:    Exception in ASGI application
Traceback (most recent call last):
  File "/Users/satyassrinivasan/Desktop/TFT-Web/backend/.venv/lib/python3.13/site-packages/uvicorn/protocols/http/httptools_impl.py", line 409, in run_asgi
  File "/Users/satyassrinivasan/Desktop/TFT-Web/backend/.venv/lib/python3.13/site-packages/uvicorn/middleware/proxy_headers.py", line 60, in __call__
  File "/Users/satyassrinivasan/Desktop/TFT-Web/backend/.venv/lib/python3.13/site-packages/fastapi/applications.py", line 1054, in __call__
  File "/Users/satyassrinivasan/Desktop/TFT-Web/backend/.venv/lib/python3.13/site-packages/starlette/applications.py", line 113, in __call__
  File "/Users/satyassrinivasan/Desktop/TFT-Web/backend/.venv/lib/python3.13/site-packages/starlette/middleware/errors.py", line 187, in __call__
  File "/Users/satyassrinivasan/Desktop/TFT-Web/backend/.venv/lib/python3.13/site-packages/starlette/middleware/errors.py", line 165, in __call__
  File "/Users/satyassrinivasan/Desktop/TFT-Web/backend/.venv/lib/python3.13/site-packages/starlette/middleware/cors.py", line 93, in __call__
  File "/Users/satyassrinivasan/Desktop/TFT-Web/backend/.venv/lib/python3.13/site-packages/starlette/middleware/cors.py", line 144, in simple_response
  File "/Users/satyassrinivasan/Desktop/TFT-Web/backend/.venv/lib/python3.13/site-packages/starlette/middleware/exceptions.py", line 62, in __call__
  File "/Users/satyassrinivasan/Desktop/TFT-Web/backend/.venv/lib/python3.13/site-packages/starlette/_exception_handler.py", line 53, in wrapped_app
  File "/Users/satyassrinivasan/Desktop/TFT-Web/backend/.venv/lib/python3.13/site-packages/starlette/_exception_handler.py", line 42, in wrapped_app
  File "/Users/satyassrinivasan/Desktop/TFT-Web/backend/.venv/lib/python3.13/site-packages/starlette/routing.py", line 715, in __call__
  File "/Users/satyassrinivasan/Desktop/TFT-Web/backend/.venv/lib/python3.13/site-packages/starlette/routing.py", line 735, in app
  File "/Users/satyassrinivasan/Desktop/TFT-Web/backend/.venv/lib/python3.13/site-packages/starlette/routing.py", line 288, in handle
  File "/Users/satyassrinivasan/Desktop/TFT-Web/backend/.venv/lib/python3.13/site-packages/starlette/routing.py", line 76, in app
  File "/Users/satyassrinivasan/Desktop/TFT-Web/backend/.venv/lib/python3.13/site-packages/starlette/_exception_handler.py", line 53, in wrapped_app
  File "/Users/satyassrinivasan/Desktop/TFT-Web/backend/.venv/lib/python3.13/site-packages/starlette/_exception_handler.py", line 42, in wrapped_app
  File "/Users/satyassrinivasan/Desktop/TFT-Web/backend/.venv/lib/python3.13/site-packages/starlette/routing.py", line 73, in app
  File "/Users/satyassrinivasan/Desktop/TFT-Web/backend/.venv/lib/python3.13/site-packages/fastapi/routing.py", line 301, in app
  File "/Users/satyassrinivasan/Desktop/TFT-Web/backend/.venv/lib/python3.13/site-packages/fastapi/routing.py", line 214, in run_endpoint_function
  File "/Users/satyassrinivasan/Desktop/TFT-Web/backend/.venv/lib/python3.13/site-packages/starlette/concurrency.py", line 39, in run_in_threadpool
  File "/Users/satyassrinivasan/Desktop/TFT-Web/backend/.venv/lib/python3.13/site-packages/anyio/to_thread.py", line 63, in run_sync
  File "/Users/satyassrinivasan/Desktop/TFT-Web/backend/.venv/lib/python3.13/site-packages/anyio/_backends/_asyncio.py", line 2592, in run_sync_in_worker_thread
  File "/Users/satyassrinivasan/Desktop/TFT-Web/backend/.venv/lib/python3.13/site-packages/anyio/_backends/_asyncio.py", line 1029, in run
  File "/Users/satyassrinivasan/Desktop/TFT-Web/backend/main.py", line 258, in list_public_whitepapers
    conn = get_conn(); rows = conn.execute("SELECT * FROM whitepapers WHERE status = 'Published' ORDER BY created_at DESC").fetchall(); conn.close()
                              ~~~~~~~~~~~~^^^^^^^^^^^^^^^^^^^^^^^^^^^^^^^^^^^^^^^^^^^^^^^^^^^^^^^^^^^^^^^^^^^^^^^^^^^^^^^^^
sqlite3.OperationalError: no such table: whitepapers
INFO:     127.0.0.1:51025 - "POST /api/events HTTP/1.1" 500 Internal Server Error
ERROR:    Exception in ASGI application
Traceback (most recent call last):
  File "/Users/satyassrinivasan/Desktop/TFT-Web/backend/.venv/lib/python3.13/site-packages/uvicorn/protocols/http/httptools_impl.py", line 409, in run_asgi
  File "/Users/satyassrinivasan/Desktop/TFT-Web/backend/.venv/lib/python3.13/site-packages/uvicorn/middleware/proxy_headers.py", line 60, in __call__
  File "/Users/satyassrinivasan/Desktop/TFT-Web/backend/.venv/lib/python3.13/site-packages/fastapi/applications.py", line 1054, in __call__
  File "/Users/satyassrinivasan/Desktop/TFT-Web/backend/.venv/lib/python3.13/site-packages/starlette/applications.py", line 113, in __call__
  File "/Users/satyassrinivasan/Desktop/TFT-Web/backend/.venv/lib/python3.13/site-packages/starlette/middleware/errors.py", line 187, in __call__
  File "/Users/satyassrinivasan/Desktop/TFT-Web/backend/.venv/lib/python3.13/site-packages/starlette/middleware/errors.py", line 165, in __call__
  File "/Users/satyassrinivasan/Desktop/TFT-Web/backend/.venv/lib/python3.13/site-packages/starlette/middleware/cors.py", line 93, in __call__
  File "/Users/satyassrinivasan/Desktop/TFT-Web/backend/.venv/lib/python3.13/site-packages/starlette/middleware/cors.py", line 144, in simple_response
  File "/Users/satyassrinivasan/Desktop/TFT-Web/backend/.venv/lib/python3.13/site-packages/starlette/middleware/exceptions.py", line 62, in __call__
  File "/Users/satyassrinivasan/Desktop/TFT-Web/backend/.venv/lib/python3.13/site-packages/starlette/_exception_handler.py", line 53, in wrapped_app
  File "/Users/satyassrinivasan/Desktop/TFT-Web/backend/.venv/lib/python3.13/site-packages/starlette/_exception_handler.py", line 42, in wrapped_app
  File "/Users/satyassrinivasan/Desktop/TFT-Web/backend/.venv/lib/python3.13/site-packages/starlette/routing.py", line 715, in __call__
  File "/Users/satyassrinivasan/Desktop/TFT-Web/backend/.venv/lib/python3.13/site-packages/starlette/routing.py", line 735, in app
  File "/Users/satyassrinivasan/Desktop/TFT-Web/backend/.venv/lib/python3.13/site-packages/starlette/routing.py", line 288, in handle
  File "/Users/satyassrinivasan/Desktop/TFT-Web/backend/.venv/lib/python3.13/site-packages/starlette/routing.py", line 76, in app
  File "/Users/satyassrinivasan/Desktop/TFT-Web/backend/.venv/lib/python3.13/site-packages/starlette/_exception_handler.py", line 53, in wrapped_app
  File "/Users/satyassrinivasan/Desktop/TFT-Web/backend/.venv/lib/python3.13/site-packages/starlette/_exception_handler.py", line 42, in wrapped_app
  File "/Users/satyassrinivasan/Desktop/TFT-Web/backend/.venv/lib/python3.13/site-packages/starlette/routing.py", line 73, in app
  File "/Users/satyassrinivasan/Desktop/TFT-Web/backend/.venv/lib/python3.13/site-packages/fastapi/routing.py", line 301, in app
  File "/Users/satyassrinivasan/Desktop/TFT-Web/backend/.venv/lib/python3.13/site-packages/fastapi/routing.py", line 214, in run_endpoint_function
  File "/Users/satyassrinivasan/Desktop/TFT-Web/backend/.venv/lib/python3.13/site-packages/starlette/concurrency.py", line 39, in run_in_threadpool
  File "/Users/satyassrinivasan/Desktop/TFT-Web/backend/.venv/lib/python3.13/site-packages/anyio/to_thread.py", line 63, in run_sync
  File "/Users/satyassrinivasan/Desktop/TFT-Web/backend/.venv/lib/python3.13/site-packages/anyio/_backends/_asyncio.py", line 2592, in run_sync_in_worker_thread
  File "/Users/satyassrinivasan/Desktop/TFT-Web/backend/.venv/lib/python3.13/site-packages/anyio/_backends/_asyncio.py", line 1029, in run
  File "/Users/satyassrinivasan/Desktop/TFT-Web/backend/main.py", line 443, in create_event
    conn=get_conn(); conn.execute("INSERT INTO events (id,event_type,payload,created_at) VALUES (?,?,?,?)", (str(uuid.uuid4()),payload.event_type,json.dumps(payload.payload),now_iso())); conn.commit(); conn.close(); return {"message":"event recorded"}
                     ~~~~~~~~~~~~^^^^^^^^^^^^^^^^^^^^^^^^^^^^^^^^^^^^^^^^^^^^^^^^^^^^^^^^^^^^^^^^^^^^^^^^^^^^^^^^^^^^^^^^^^^^^^^^^^^^^^^^^^^^^^^^^^^^^^^^^^^^^^^^^^^^^^^^^^^^^^^^^^^^^^^^
sqlite3.OperationalError: no such table: events
INFO:     127.0.0.1:51026 - "POST /api/events HTTP/1.1" 500 Internal Server Error
ERROR:    Exception in ASGI application
Traceback (most recent call last):
  File "/Users/satyassrinivasan/Desktop/TFT-Web/backend/.venv/lib/python3.13/site-packages/uvicorn/protocols/http/httptools_impl.py", line 409, in run_asgi
  File "/Users/satyassrinivasan/Desktop/TFT-Web/backend/.venv/lib/python3.13/site-packages/uvicorn/middleware/proxy_headers.py", line 60, in __call__
  File "/Users/satyassrinivasan/Desktop/TFT-Web/backend/.venv/lib/python3.13/site-packages/fastapi/applications.py", line 1054, in __call__
  File "/Users/satyassrinivasan/Desktop/TFT-Web/backend/.venv/lib/python3.13/site-packages/starlette/applications.py", line 113, in __call__
  File "/Users/satyassrinivasan/Desktop/TFT-Web/backend/.venv/lib/python3.13/site-packages/starlette/middleware/errors.py", line 187, in __call__
  File "/Users/satyassrinivasan/Desktop/TFT-Web/backend/.venv/lib/python3.13/site-packages/starlette/middleware/errors.py", line 165, in __call__
  File "/Users/satyassrinivasan/Desktop/TFT-Web/backend/.venv/lib/python3.13/site-packages/starlette/middleware/cors.py", line 93, in __call__
  File "/Users/satyassrinivasan/Desktop/TFT-Web/backend/.venv/lib/python3.13/site-packages/starlette/middleware/cors.py", line 144, in simple_response
  File "/Users/satyassrinivasan/Desktop/TFT-Web/backend/.venv/lib/python3.13/site-packages/starlette/middleware/exceptions.py", line 62, in __call__
  File "/Users/satyassrinivasan/Desktop/TFT-Web/backend/.venv/lib/python3.13/site-packages/starlette/_exception_handler.py", line 53, in wrapped_app
  File "/Users/satyassrinivasan/Desktop/TFT-Web/backend/.venv/lib/python3.13/site-packages/starlette/_exception_handler.py", line 42, in wrapped_app
  File "/Users/satyassrinivasan/Desktop/TFT-Web/backend/.venv/lib/python3.13/site-packages/starlette/routing.py", line 715, in __call__
  File "/Users/satyassrinivasan/Desktop/TFT-Web/backend/.venv/lib/python3.13/site-packages/starlette/routing.py", line 735, in app
  File "/Users/satyassrinivasan/Desktop/TFT-Web/backend/.venv/lib/python3.13/site-packages/starlette/routing.py", line 288, in handle
  File "/Users/satyassrinivasan/Desktop/TFT-Web/backend/.venv/lib/python3.13/site-packages/starlette/routing.py", line 76, in app
  File "/Users/satyassrinivasan/Desktop/TFT-Web/backend/.venv/lib/python3.13/site-packages/starlette/_exception_handler.py", line 53, in wrapped_app
  File "/Users/satyassrinivasan/Desktop/TFT-Web/backend/.venv/lib/python3.13/site-packages/starlette/_exception_handler.py", line 42, in wrapped_app
  File "/Users/satyassrinivasan/Desktop/TFT-Web/backend/.venv/lib/python3.13/site-packages/starlette/routing.py", line 73, in app
  File "/Users/satyassrinivasan/Desktop/TFT-Web/backend/.venv/lib/python3.13/site-packages/fastapi/routing.py", line 301, in app
  File "/Users/satyassrinivasan/Desktop/TFT-Web/backend/.venv/lib/python3.13/site-packages/fastapi/routing.py", line 214, in run_endpoint_function
  File "/Users/satyassrinivasan/Desktop/TFT-Web/backend/.venv/lib/python3.13/site-packages/starlette/concurrency.py", line 39, in run_in_threadpool
  File "/Users/satyassrinivasan/Desktop/TFT-Web/backend/.venv/lib/python3.13/site-packages/anyio/to_thread.py", line 63, in run_sync
  File "/Users/satyassrinivasan/Desktop/TFT-Web/backend/.venv/lib/python3.13/site-packages/anyio/_backends/_asyncio.py", line 2592, in run_sync_in_worker_thread
  File "/Users/satyassrinivasan/Desktop/TFT-Web/backend/.venv/lib/python3.13/site-packages/anyio/_backends/_asyncio.py", line 1029, in run
  File "/Users/satyassrinivasan/Desktop/TFT-Web/backend/main.py", line 443, in create_event
    conn=get_conn(); conn.execute("INSERT INTO events (id,event_type,payload,created_at) VALUES (?,?,?,?)", (str(uuid.uuid4()),payload.event_type,json.dumps(payload.payload),now_iso())); conn.commit(); conn.close(); return {"message":"event recorded"}
                     ~~~~~~~~~~~~^^^^^^^^^^^^^^^^^^^^^^^^^^^^^^^^^^^^^^^^^^^^^^^^^^^^^^^^^^^^^^^^^^^^^^^^^^^^^^^^^^^^^^^^^^^^^^^^^^^^^^^^^^^^^^^^^^^^^^^^^^^^^^^^^^^^^^^^^^^^^^^^^^^^^^^^
sqlite3.OperationalError: no such table: events
